<?xml version="1.0" encoding="UTF-8"?>
<testsuite xmlns:xsi="http://www.w3.org/2001/XMLSchema-instance" xsi:noNamespaceSchemaLocation="https://maven.apache.org/surefire/maven-surefire-plugin/xsd/surefire-test-report.xsd" name="TestSuite" time="7.453" tests="15" errors="0" skipped="0" failures="1">
  <properties>
    <property name="sun.desktop" value="windows"/>
    <property name="awt.toolkit" value="sun.awt.windows.WToolkit"/>
    <property name="file.encoding.pkg" value="sun.io"/>
    <property name="java.specification.version" value="1.8"/>
    <property name="sun.cpu.isalist" value="amd64"/>
    <property name="sun.jnu.encoding" value="GBK"/>
    <property name="java.class.path" value="E:\eclipse-workspace\keyou1\target\test-classes;E:\eclipse-workspace\keyou1\target\classes;D:\azrj\apache-maven-3.6.1\repository\com\alibaba\fastjson\1.2.61\fastjson-1.2.61.jar;D:\azrj\apache-maven-3.6.1\repository\javax\el\javax.el-api\2.2.4\javax.el-api-2.2.4.jar;D:\azrj\apache-maven-3.6.1\repository\org\hibernate\hibernate-validator\5.2.4.Final\hibernate-validator-5.2.4.Final.jar;D:\azrj\apache-maven-3.6.1\repository\javax\validation\validation-api\1.1.0.Final\validation-api-1.1.0.Final.jar;D:\azrj\apache-maven-3.6.1\repository\org\jboss\logging\jboss-logging\3.2.1.Final\jboss-logging-3.2.1.Final.jar;D:\azrj\apache-maven-3.6.1\repository\com\fasterxml\classmate\1.1.0\classmate-1.1.0.jar;D:\azrj\apache-maven-3.6.1\repository\cn\afterturn\easypoi-base\3.2.0\easypoi-base-3.2.0.jar;D:\azrj\apache-maven-3.6.1\repository\org\apache\poi\poi\3.15\poi-3.15.jar;D:\azrj\apache-maven-3.6.1\repository\org\apache\commons\commons-collections4\4.1\commons-collections4-4.1.jar;D:\azrj\apache-maven-3.6.1\repository\org\apache\poi\poi-ooxml\3.15\poi-ooxml-3.15.jar;D:\azrj\apache-maven-3.6.1\repository\com\github\virtuald\curvesapi\1.04\curvesapi-1.04.jar;D:\azrj\apache-maven-3.6.1\repository\org\apache\poi\poi-ooxml-schemas\3.15\poi-ooxml-schemas-3.15.jar;D:\azrj\apache-maven-3.6.1\repository\org\apache\xmlbeans\xmlbeans\2.6.0\xmlbeans-2.6.0.jar;D:\azrj\apache-maven-3.6.1\repository\stax\stax-api\1.0.1\stax-api-1.0.1.jar;D:\azrj\apache-maven-3.6.1\repository\com\google\guava\guava\16.0.1\guava-16.0.1.jar;D:\azrj\apache-maven-3.6.1\repository\org\apache\commons\commons-lang3\3.2.1\commons-lang3-3.2.1.jar;D:\azrj\apache-maven-3.6.1\repository\org\slf4j\slf4j-api\1.6.1\slf4j-api-1.6.1.jar;D:\azrj\apache-maven-3.6.1\repository\cn\afterturn\easypoi-web\3.2.0\easypoi-web-3.2.0.jar;D:\azrj\apache-maven-3.6.1\repository\org\springframework\spring-web\3.1.1.RELEASE\spring-web-3.1.1.RELEASE.jar;D:\azrj\apache-maven-3.6.1\repository\aopalliance\aopalliance\1.0\aopalliance-1.0.jar;D:\azrj\apache-maven-3.6.1\repository\org\springframework\spring-beans\3.1.1.RELEASE\spring-beans-3.1.1.RELEASE.jar;D:\azrj\apache-maven-3.6.1\repository\org\springframework\spring-context\3.1.1.RELEASE\spring-context-3.1.1.RELEASE.jar;D:\azrj\apache-maven-3.6.1\repository\org\springframework\spring-aop\3.1.1.RELEASE\spring-aop-3.1.1.RELEASE.jar;D:\azrj\apache-maven-3.6.1\repository\org\springframework\spring-webmvc\3.1.1.RELEASE\spring-webmvc-3.1.1.RELEASE.jar;D:\azrj\apache-maven-3.6.1\repository\org\springframework\spring-asm\3.1.1.RELEASE\spring-asm-3.1.1.RELEASE.jar;D:\azrj\apache-maven-3.6.1\repository\org\springframework\spring-context-support\3.1.1.RELEASE\spring-context-support-3.1.1.RELEASE.jar;D:\azrj\apache-maven-3.6.1\repository\org\springframework\spring-expression\3.1.1.RELEASE\spring-expression-3.1.1.RELEASE.jar;D:\azrj\apache-maven-3.6.1\repository\org\springframework\spring-core\3.1.1.RELEASE\spring-core-3.1.1.RELEASE.jar;D:\azrj\apache-maven-3.6.1\repository\cn\afterturn\easypoi-annotation\3.2.0\easypoi-annotation-3.2.0.jar;D:\azrj\apache-maven-3.6.1\repository\dom4j\dom4j\1.6.1\dom4j-1.6.1.jar;D:\azrj\apache-maven-3.6.1\repository\xml-apis\xml-apis\1.0.b2\xml-apis-1.0.b2.jar;D:\azrj\apache-maven-3.6.1\repository\org\testng\testng\6.9.8\testng-6.9.8.jar;D:\azrj\apache-maven-3.6.1\repository\org\beanshell\bsh\2.0b4\bsh-2.0b4.jar;D:\azrj\apache-maven-3.6.1\repository\com\beust\jcommander\1.48\jcommander-1.48.jar;D:\azrj\apache-maven-3.6.1\repository\org\apache\httpcomponents\httpclient\4.5.6\httpclient-4.5.6.jar;D:\azrj\apache-maven-3.6.1\repository\org\apache\httpcomponents\httpcore\4.4.10\httpcore-4.4.10.jar;D:\azrj\apache-maven-3.6.1\repository\commons-logging\commons-logging\1.2\commons-logging-1.2.jar;D:\azrj\apache-maven-3.6.1\repository\commons-codec\commons-codec\1.10\commons-codec-1.10.jar;D:\azrj\apache-maven-3.6.1\repository\mysql\mysql-connector-java\5.1.38\mysql-connector-java-5.1.38.jar;D:\azrj\apache-maven-3.6.1\repository\commons-dbutils\commons-dbutils\1.6\commons-dbutils-1.6.jar;D:\azrj\apache-maven-3.6.1\repository\log4j\log4j\1.2.17\log4j-1.2.17.jar;D:\azrj\apache-maven-3.6.1\repository\io\qameta\allure\allure-testng\2.6.0\allure-testng-2.6.0.jar;D:\azrj\apache-maven-3.6.1\repository\io\qameta\allure\allure-descriptions-javadoc\2.6.0\allure-descriptions-javadoc-2.6.0.jar;D:\azrj\apache-maven-3.6.1\repository\commons-io\commons-io\2.5\commons-io-2.5.jar;D:\azrj\apache-maven-3.6.1\repository\io\qameta\allure\allure-java-commons\2.6.0\allure-java-commons-2.6.0.jar;D:\azrj\apache-maven-3.6.1\repository\io\qameta\allure\allure2-model-api\1.0-BETA6\allure2-model-api-1.0-BETA6.jar;D:\azrj\apache-maven-3.6.1\repository\io\qameta\allure\allure2-model-pojo\1.0-BETA6\allure2-model-pojo-1.0-BETA6.jar;D:\azrj\apache-maven-3.6.1\repository\org\apache\tika\tika-core\1.14\tika-core-1.14.jar;D:\azrj\apache-maven-3.6.1\repository\io\qameta\allure\allure2-model-jackson\1.0-BETA6\allure2-model-jackson-1.0-BETA6.jar;D:\azrj\apache-maven-3.6.1\repository\com\fasterxml\jackson\module\jackson-module-jaxb-annotations\2.7.0\jackson-module-jaxb-annotations-2.7.0.jar;D:\azrj\apache-maven-3.6.1\repository\org\aspectj\aspectjrt\1.8.10\aspectjrt-1.8.10.jar;D:\azrj\apache-maven-3.6.1\repository\org\jooq\joor\0.9.6\joor-0.9.6.jar;D:\azrj\apache-maven-3.6.1\repository\com\github\dreamhead\moco-runner\1.0.0\moco-runner-1.0.0.jar;D:\azrj\apache-maven-3.6.1\repository\com\github\dreamhead\moco-core\1.0.0\moco-core-1.0.0.jar;D:\azrj\apache-maven-3.6.1\repository\commons-cli\commons-cli\1.4\commons-cli-1.4.jar;D:\azrj\apache-maven-3.6.1\repository\io\netty\netty-codec-http\4.1.39.Final\netty-codec-http-4.1.39.Final.jar;D:\azrj\apache-maven-3.6.1\repository\io\netty\netty-common\4.1.39.Final\netty-common-4.1.39.Final.jar;D:\azrj\apache-maven-3.6.1\repository\io\netty\netty-buffer\4.1.39.Final\netty-buffer-4.1.39.Final.jar;D:\azrj\apache-maven-3.6.1\repository\io\netty\netty-transport\4.1.39.Final\netty-transport-4.1.39.Final.jar;D:\azrj\apache-maven-3.6.1\repository\io\netty\netty-resolver\4.1.39.Final\netty-resolver-4.1.39.Final.jar;D:\azrj\apache-maven-3.6.1\repository\io\netty\netty-codec\4.1.39.Final\netty-codec-4.1.39.Final.jar;D:\azrj\apache-maven-3.6.1\repository\io\netty\netty-handler\4.1.39.Final\netty-handler-4.1.39.Final.jar;D:\azrj\apache-maven-3.6.1\repository\com\fasterxml\jackson\core\jackson-databind\2.10.0.pr1\jackson-databind-2.10.0.pr1.jar;D:\azrj\apache-maven-3.6.1\repository\com\fasterxml\jackson\core\jackson-annotations\2.10.0.pr1\jackson-annotations-2.10.0.pr1.jar;D:\azrj\apache-maven-3.6.1\repository\com\fasterxml\jackson\core\jackson-core\2.10.0.pr1\jackson-core-2.10.0.pr1.jar;D:\azrj\apache-maven-3.6.1\repository\com\jayway\jsonpath\json-path\2.4.0\json-path-2.4.0.jar;D:\azrj\apache-maven-3.6.1\repository\net\minidev\json-smart\2.3\json-smart-2.3.jar;D:\azrj\apache-maven-3.6.1\repository\net\minidev\accessors-smart\1.2\accessors-smart-1.2.jar;D:\azrj\apache-maven-3.6.1\repository\org\ow2\asm\asm\5.0.4\asm-5.0.4.jar;D:\azrj\apache-maven-3.6.1\repository\org\freemarker\freemarker\2.3.29\freemarker-2.3.29.jar;D:\azrj\apache-maven-3.6.1\repository\ch\qos\logback\logback-classic\1.2.3\logback-classic-1.2.3.jar;D:\azrj\apache-maven-3.6.1\repository\ch\qos\logback\logback-core\1.2.3\logback-core-1.2.3.jar;"/>
    <property name="java.vm.vendor" value="Oracle Corporation"/>
    <property name="sun.arch.data.model" value="64"/>
    <property name="user.variant" value=""/>
    <property name="java.vendor.url" value="http://java.oracle.com/"/>
    <property name="user.timezone" value="Asia/Shanghai"/>
    <property name="java.vm.specification.version" value="1.8"/>
    <property name="os.name" value="Windows 10"/>
    <property name="user.country" value="CN"/>
    <property name="sun.java.launcher" value="SUN_STANDARD"/>
    <property name="sun.boot.library.path" value="C:\Program Files\Java\jdk1.8.0_144\jre\bin"/>
    <property name="sun.java.command" value="C:\Users\ADMINI~1\AppData\Local\Temp\surefire6631756227221325771\surefirebooter4553067574491520156.jar C:\Users\Administrator\AppData\Local\Temp\surefire6631756227221325771 2019-12-24T22-07-29_772-jvmRun1 surefire8145051194039533984tmp surefire_06952459341570828565tmp"/>
    <property name="surefire.test.class.path" value="E:\eclipse-workspace\keyou1\target\test-classes;E:\eclipse-workspace\keyou1\target\classes;D:\azrj\apache-maven-3.6.1\repository\com\alibaba\fastjson\1.2.61\fastjson-1.2.61.jar;D:\azrj\apache-maven-3.6.1\repository\javax\el\javax.el-api\2.2.4\javax.el-api-2.2.4.jar;D:\azrj\apache-maven-3.6.1\repository\org\hibernate\hibernate-validator\5.2.4.Final\hibernate-validator-5.2.4.Final.jar;D:\azrj\apache-maven-3.6.1\repository\javax\validation\validation-api\1.1.0.Final\validation-api-1.1.0.Final.jar;D:\azrj\apache-maven-3.6.1\repository\org\jboss\logging\jboss-logging\3.2.1.Final\jboss-logging-3.2.1.Final.jar;D:\azrj\apache-maven-3.6.1\repository\com\fasterxml\classmate\1.1.0\classmate-1.1.0.jar;D:\azrj\apache-maven-3.6.1\repository\cn\afterturn\easypoi-base\3.2.0\easypoi-base-3.2.0.jar;D:\azrj\apache-maven-3.6.1\repository\org\apache\poi\poi\3.15\poi-3.15.jar;D:\azrj\apache-maven-3.6.1\repository\org\apache\commons\commons-collections4\4.1\commons-collections4-4.1.jar;D:\azrj\apache-maven-3.6.1\repository\org\apache\poi\poi-ooxml\3.15\poi-ooxml-3.15.jar;D:\azrj\apache-maven-3.6.1\repository\com\github\virtuald\curvesapi\1.04\curvesapi-1.04.jar;D:\azrj\apache-maven-3.6.1\repository\org\apache\poi\poi-ooxml-schemas\3.15\poi-ooxml-schemas-3.15.jar;D:\azrj\apache-maven-3.6.1\repository\org\apache\xmlbeans\xmlbeans\2.6.0\xmlbeans-2.6.0.jar;D:\azrj\apache-maven-3.6.1\repository\stax\stax-api\1.0.1\stax-api-1.0.1.jar;D:\azrj\apache-maven-3.6.1\repository\com\google\guava\guava\16.0.1\guava-16.0.1.jar;D:\azrj\apache-maven-3.6.1\repository\org\apache\commons\commons-lang3\3.2.1\commons-lang3-3.2.1.jar;D:\azrj\apache-maven-3.6.1\repository\org\slf4j\slf4j-api\1.6.1\slf4j-api-1.6.1.jar;D:\azrj\apache-maven-3.6.1\repository\cn\afterturn\easypoi-web\3.2.0\easypoi-web-3.2.0.jar;D:\azrj\apache-maven-3.6.1\repository\org\springframework\spring-web\3.1.1.RELEASE\spring-web-3.1.1.RELEASE.jar;D:\azrj\apache-maven-3.6.1\repository\aopalliance\aopalliance\1.0\aopalliance-1.0.jar;D:\azrj\apache-maven-3.6.1\repository\org\springframework\spring-beans\3.1.1.RELEASE\spring-beans-3.1.1.RELEASE.jar;D:\azrj\apache-maven-3.6.1\repository\org\springframework\spring-context\3.1.1.RELEASE\spring-context-3.1.1.RELEASE.jar;D:\azrj\apache-maven-3.6.1\repository\org\springframework\spring-aop\3.1.1.RELEASE\spring-aop-3.1.1.RELEASE.jar;D:\azrj\apache-maven-3.6.1\repository\org\springframework\spring-webmvc\3.1.1.RELEASE\spring-webmvc-3.1.1.RELEASE.jar;D:\azrj\apache-maven-3.6.1\repository\org\springframework\spring-asm\3.1.1.RELEASE\spring-asm-3.1.1.RELEASE.jar;D:\azrj\apache-maven-3.6.1\repository\org\springframework\spring-context-support\3.1.1.RELEASE\spring-context-support-3.1.1.RELEASE.jar;D:\azrj\apache-maven-3.6.1\repository\org\springframework\spring-expression\3.1.1.RELEASE\spring-expression-3.1.1.RELEASE.jar;D:\azrj\apache-maven-3.6.1\repository\org\springframework\spring-core\3.1.1.RELEASE\spring-core-3.1.1.RELEASE.jar;D:\azrj\apache-maven-3.6.1\repository\cn\afterturn\easypoi-annotation\3.2.0\easypoi-annotation-3.2.0.jar;D:\azrj\apache-maven-3.6.1\repository\dom4j\dom4j\1.6.1\dom4j-1.6.1.jar;D:\azrj\apache-maven-3.6.1\repository\xml-apis\xml-apis\1.0.b2\xml-apis-1.0.b2.jar;D:\azrj\apache-maven-3.6.1\repository\org\testng\testng\6.9.8\testng-6.9.8.jar;D:\azrj\apache-maven-3.6.1\repository\org\beanshell\bsh\2.0b4\bsh-2.0b4.jar;D:\azrj\apache-maven-3.6.1\repository\com\beust\jcommander\1.48\jcommander-1.48.jar;D:\azrj\apache-maven-3.6.1\repository\org\apache\httpcomponents\httpclient\4.5.6\httpclient-4.5.6.jar;D:\azrj\apache-maven-3.6.1\repository\org\apache\httpcomponents\httpcore\4.4.10\httpcore-4.4.10.jar;D:\azrj\apache-maven-3.6.1\repository\commons-logging\commons-logging\1.2\commons-logging-1.2.jar;D:\azrj\apache-maven-3.6.1\repository\commons-codec\commons-codec\1.10\commons-codec-1.10.jar;D:\azrj\apache-maven-3.6.1\repository\mysql\mysql-connector-java\5.1.38\mysql-connector-java-5.1.38.jar;D:\azrj\apache-maven-3.6.1\repository\commons-dbutils\commons-dbutils\1.6\commons-dbutils-1.6.jar;D:\azrj\apache-maven-3.6.1\repository\log4j\log4j\1.2.17\log4j-1.2.17.jar;D:\azrj\apache-maven-3.6.1\repository\io\qameta\allure\allure-testng\2.6.0\allure-testng-2.6.0.jar;D:\azrj\apache-maven-3.6.1\repository\io\qameta\allure\allure-descriptions-javadoc\2.6.0\allure-descriptions-javadoc-2.6.0.jar;D:\azrj\apache-maven-3.6.1\repository\commons-io\commons-io\2.5\commons-io-2.5.jar;D:\azrj\apache-maven-3.6.1\repository\io\qameta\allure\allure-java-commons\2.6.0\allure-java-commons-2.6.0.jar;D:\azrj\apache-maven-3.6.1\repository\io\qameta\allure\allure2-model-api\1.0-BETA6\allure2-model-api-1.0-BETA6.jar;D:\azrj\apache-maven-3.6.1\repository\io\qameta\allure\allure2-model-pojo\1.0-BETA6\allure2-model-pojo-1.0-BETA6.jar;D:\azrj\apache-maven-3.6.1\repository\org\apache\tika\tika-core\1.14\tika-core-1.14.jar;D:\azrj\apache-maven-3.6.1\repository\io\qameta\allure\allure2-model-jackson\1.0-BETA6\allure2-model-jackson-1.0-BETA6.jar;D:\azrj\apache-maven-3.6.1\repository\com\fasterxml\jackson\module\jackson-module-jaxb-annotations\2.7.0\jackson-module-jaxb-annotations-2.7.0.jar;D:\azrj\apache-maven-3.6.1\repository\org\aspectj\aspectjrt\1.8.10\aspectjrt-1.8.10.jar;D:\azrj\apache-maven-3.6.1\repository\org\jooq\joor\0.9.6\joor-0.9.6.jar;D:\azrj\apache-maven-3.6.1\repository\com\github\dreamhead\moco-runner\1.0.0\moco-runner-1.0.0.jar;D:\azrj\apache-maven-3.6.1\repository\com\github\dreamhead\moco-core\1.0.0\moco-core-1.0.0.jar;D:\azrj\apache-maven-3.6.1\repository\commons-cli\commons-cli\1.4\commons-cli-1.4.jar;D:\azrj\apache-maven-3.6.1\repository\io\netty\netty-codec-http\4.1.39.Final\netty-codec-http-4.1.39.Final.jar;D:\azrj\apache-maven-3.6.1\repository\io\netty\netty-common\4.1.39.Final\netty-common-4.1.39.Final.jar;D:\azrj\apache-maven-3.6.1\repository\io\netty\netty-buffer\4.1.39.Final\netty-buffer-4.1.39.Final.jar;D:\azrj\apache-maven-3.6.1\repository\io\netty\netty-transport\4.1.39.Final\netty-transport-4.1.39.Final.jar;D:\azrj\apache-maven-3.6.1\repository\io\netty\netty-resolver\4.1.39.Final\netty-resolver-4.1.39.Final.jar;D:\azrj\apache-maven-3.6.1\repository\io\netty\netty-codec\4.1.39.Final\netty-codec-4.1.39.Final.jar;D:\azrj\apache-maven-3.6.1\repository\io\netty\netty-handler\4.1.39.Final\netty-handler-4.1.39.Final.jar;D:\azrj\apache-maven-3.6.1\repository\com\fasterxml\jackson\core\jackson-databind\2.10.0.pr1\jackson-databind-2.10.0.pr1.jar;D:\azrj\apache-maven-3.6.1\repository\com\fasterxml\jackson\core\jackson-annotations\2.10.0.pr1\jackson-annotations-2.10.0.pr1.jar;D:\azrj\apache-maven-3.6.1\repository\com\fasterxml\jackson\core\jackson-core\2.10.0.pr1\jackson-core-2.10.0.pr1.jar;D:\azrj\apache-maven-3.6.1\repository\com\jayway\jsonpath\json-path\2.4.0\json-path-2.4.0.jar;D:\azrj\apache-maven-3.6.1\repository\net\minidev\json-smart\2.3\json-smart-2.3.jar;D:\azrj\apache-maven-3.6.1\repository\net\minidev\accessors-smart\1.2\accessors-smart-1.2.jar;D:\azrj\apache-maven-3.6.1\repository\org\ow2\asm\asm\5.0.4\asm-5.0.4.jar;D:\azrj\apache-maven-3.6.1\repository\org\freemarker\freemarker\2.3.29\freemarker-2.3.29.jar;D:\azrj\apache-maven-3.6.1\repository\ch\qos\logback\logback-classic\1.2.3\logback-classic-1.2.3.jar;D:\azrj\apache-maven-3.6.1\repository\ch\qos\logback\logback-core\1.2.3\logback-core-1.2.3.jar;"/>
    <property name="sun.cpu.endian" value="little"/>
    <property name="allure.results.directory" value="E:\eclipse-workspace\keyou1\target/allure-results"/>
    <property name="user.home" value="C:\Users\Administrator"/>
    <property name="user.language" value="zh"/>
    <property name="java.specification.vendor" value="Oracle Corporation"/>
    <property name="java.home" value="C:\Program Files\Java\jdk1.8.0_144\jre"/>
    <property name="basedir" value="E:\eclipse-workspace\keyou1"/>
    <property name="file.separator" value="\"/>
    <property name="line.separator" value="&#10;"/>
    <property name="java.vm.specification.vendor" value="Oracle Corporation"/>
    <property name="java.specification.name" value="Java Platform API Specification"/>
    <property name="java.awt.graphicsenv" value="sun.awt.Win32GraphicsEnvironment"/>
    <property name="surefire.real.class.path" value="C:\Users\ADMINI~1\AppData\Local\Temp\surefire6631756227221325771\surefirebooter4553067574491520156.jar;D:\azrj\apache-maven-3.6.1\repository/org/aspectj/aspectjweaver/1.9.2/aspectjweaver-1.9.2.jar"/>
    <property name="sun.boot.class.path" value="C:\Program Files\Java\jdk1.8.0_144\jre\lib\resources.jar;C:\Program Files\Java\jdk1.8.0_144\jre\lib\rt.jar;C:\Program Files\Java\jdk1.8.0_144\jre\lib\sunrsasign.jar;C:\Program Files\Java\jdk1.8.0_144\jre\lib\jsse.jar;C:\Program Files\Java\jdk1.8.0_144\jre\lib\jce.jar;C:\Program Files\Java\jdk1.8.0_144\jre\lib\charsets.jar;C:\Program Files\Java\jdk1.8.0_144\jre\lib\jfr.jar;C:\Program Files\Java\jdk1.8.0_144\jre\classes"/>
    <property name="user.script" value=""/>
    <property name="sun.management.compiler" value="HotSpot 64-Bit Tiered Compilers"/>
    <property name="java.runtime.version" value="1.8.0_144-b01"/>
    <property name="user.name" value="Administrator"/>
    <property name="path.separator" value=";"/>
    <property name="os.version" value="10.0"/>
    <property name="java.endorsed.dirs" value="C:\Program Files\Java\jdk1.8.0_144\jre\lib\endorsed"/>
    <property name="java.runtime.name" value="Java(TM) SE Runtime Environment"/>
    <property name="file.encoding" value="UTF-8"/>
    <property name="java.vm.name" value="Java HotSpot(TM) 64-Bit Server VM"/>
    <property name="localRepository" value="D:\azrj\apache-maven-3.6.1\repository"/>
    <property name="java.vendor.url.bug" value="http://bugreport.sun.com/bugreport/"/>
    <property name="java.io.tmpdir" value="C:\Users\ADMINI~1\AppData\Local\Temp\"/>
    <property name="java.version" value="1.8.0_144"/>
    <property name="user.dir" value="E:\eclipse-workspace\keyou1"/>
    <property name="os.arch" value="amd64"/>
    <property name="java.vm.specification.name" value="Java Virtual Machine Specification"/>
    <property name="java.awt.printerjob" value="sun.awt.windows.WPrinterJob"/>
    <property name="sun.os.patch.level" value=""/>
    <property name="java.library.path" value="C:\Program Files\Java\jdk1.8.0_144\jre\bin;C:\Windows\Sun\Java\bin;C:\Windows\system32;C:\Windows;C:/Program Files/Java/jre1.8.0_144/bin/server;C:/Program Files/Java/jre1.8.0_144/bin;C:/Program Files/Java/jre1.8.0_144/lib/amd64;E:\eclipse-workspace\maven\apache-maven-3.6.1\bin;C:\Users\Administrator\Downloads\apache-jmeter-3.1\bin;C:\Program Files\nodejs\;E:\Python36\Scripts\;E:\Python36\;C:\Users\Administrator\AppData\Local\Programs\Python\Python37\;C:\Users\Administrator\AppData\Local\Programs\Python\Python37\Scripts;C:\ProgramData\Oracle\Java\javapath;C:\Windows\system32;C:\Windows;C:\Windows\System32\Wbem;C:\Windows\System32\WindowsPowerShell\v1.0\;C:\Program Files\MySQL\MySQL Utilities 1.6\;C:\Program Files\Java\jdk1.8.0_144\bin;C:\Program Files\Java\jdk1.8.0_144\jre\bin;C:\strawberry\c\bin;C:\strawberry\perl\bin;E:\Git\cmd;E:\android-sdk-windows\tools;E:\android-sdk-windows\platform-tools;C:\Program Files (x86)\Appium;C:\Users\Administrator\Downloads\apache-jmeter-5.1.1\apache-jmeter-5.1.1\bin;E:\VisualSVN Server\bin;E:\TortoiseSVN\bin;C:\Users\Administrator\AppData\Roaming\Python\Python37\Scripts\;C:\Users\Administrator\AppData\Local\Programs\Python\Python37\Scripts\;C:\Users\Administrator\AppData\Local\Microsoft\WindowsApps;C:\Users\Administrator\AppData\Local\Programs\Fiddler;C:\Users\Administrator\AppData\Local\BypassRuntm;C:\Users\Administrator\AppData\Roaming\npm;C:\Users\Administrator\AppData\Local\Programs\Microsoft VS Code\bin;E:\IntelliJ IDEA 2018.3\bin;C:\Users\Administrator\Desktop;;."/>
    <property name="java.vm.info" value="mixed mode"/>
    <property name="java.vendor" value="Oracle Corporation"/>
    <property name="java.vm.version" value="25.144-b01"/>
    <property name="java.ext.dirs" value="C:\Program Files\Java\jdk1.8.0_144\jre\lib\ext;C:\Windows\Sun\Java\lib\ext"/>
    <property name="sun.io.unicode.encoding" value="UnicodeLittle"/>
    <property name="java.class.version" value="52.0"/>
  </properties>
  <testcase name="test" classname="cases.RegisterCase" time="1.483">
    <failure message="expected [Pass] but found [Fail]" type="java.lang.AssertionError">java.lang.AssertionError: expected [Pass] but found [Fail]
	at cases.RegisterCase.test(RegisterCase.java:25)
</failure>
    <system-out><![CDATA[[INFO] 2019-12-24 22:07:34 method: org.hibernate.validator.internal.util.Version.<clinit>(Version.java:30)----HV000001: Hibernate Validator 5.2.4.Final
[INFO] 2019-12-24 22:07:34 method: cases.BaseCase.test(BaseCase.java:54)----======================参数化替换======================http://api.keyou.site:8000/user/register/
[INFO] 2019-12-24 22:07:34 method: cases.BaseCase.test(BaseCase.java:57)----替换后的参数：{"username":"15204144473","email":"15708367211@qq.cpm","password":"12345678","password_confirm":"12345678"}
[INFO] 2019-12-24 22:07:34 method: cases.BaseCase.test(BaseCase.java:58)----sql校验：null
[INFO] 2019-12-24 22:07:34 method: utils.HttpUtils.testPostJson(HttpUtils.java:225)----token：null
[INFO] 2019-12-24 22:07:36 method: utils.HttpUtils.testPostJson(HttpUtils.java:250)----请求头：[Server: nginx/1.16.1, Date: Tue, 24 Dec 2019 14:07:35 GMT, Content-Type: application/json, Content-Length: 242, Connection: keep-alive, Vary: Accept, Origin, Cookie, Allow: POST, OPTIONS, X-Frame-Options: SAMEORIGIN]
[INFO] 2019-12-24 22:07:36 method: utils.HttpUtils.testPostJson(HttpUtils.java:251)----请求参数：{"username":"15204144473","email":"15708367211@qq.cpm","password":"12345678","password_confirm":"12345678"}
[INFO] 2019-12-24 22:07:36 method: utils.HttpUtils.testPostJson(HttpUtils.java:252)----状态码：201
[INFO] 2019-12-24 22:07:36 method: utils.HttpUtils.testPostJson(HttpUtils.java:253)----响应体：{"id":377,"username":"15204144473","token":"eyJ0eXAiOiJKV1QiLCJhbGciOiJIUzI1NiJ9.eyJ1c2VyX2lkIjozNzcsInVzZXJuYW1lIjoiMTUyMDQxNDQ0NzMiLCJleHAiOjE1NzcyODI4NTUsImVtYWlsIjoiMTU3MDgzNjcyMTFAcXEuY3BtIn0.pXiQnUEsYpoDh9tpFyerANJtNLl7OJeYS9cSs0Kcy2c"}
[INFO] 2019-12-24 22:07:36 method: cases.BaseCase.assertResponseData_aroundBody0(BaseCase.java:163)----实际值：15204144473 | 期望值：[{"value":"${toBeRegisterUsername}","expression":"$.username"}]断言结果：false
[INFO] 2019-12-24 22:07:36 method: cases.BaseCase.test(BaseCase.java:86)----响应断言：false
[INFO] 2019-12-24 22:07:36 method: cases.BaseCase.test(BaseCase.java:100)----结果断言：Fail
]]></system-out>
    <system-err><![CDATA[SLF4J: The requested version 1.7.16 by your slf4j binding is not compatible with [1.6]
SLF4J: See http://www.slf4j.org/codes.html#version_mismatch for further details.
]]></system-err>
  </testcase>
  <testcase name="test" classname="cases.RegisterCase" time="0.1"/>
  <testcase name="test" classname="cases.RegisterCase" time="0.083"/>
  <testcase name="test" classname="cases.RegisterCase" time="0.073"/>
  <testcase name="test" classname="cases.RegisterCase" time="0.075"/>
  <testcase name="test" classname="cases.RegisterCase" time="0.071"/>
  <testcase name="test" classname="cases.LoginCase" time="0.08"/>
  <testcase name="test" classname="cases.LoginCase" time="0.07"/>
  <testcase name="test" classname="cases.LoginCase" time="0.196"/>
  <testcase name="test" classname="cases.LoginCase" time="0.199"/>
  <testcase name="test" classname="cases.LoginCase" time="0.197"/>
  <testcase name="test" classname="cases.ConfiguresCase" time="0.084"/>
  <testcase name="test" classname="cases.ProjectsListCase" time="0.277"/>
  <testcase name="test" classname="cases.AddProjectsCase" time="0.056"/>
  <testcase name="test" classname="cases.AddProjectsCase" time="0.072"/>
</testsuite>