<?xml version="1.0" encoding="UTF-8"?>
<!-- Generated by org.testng.reporters.JUnitReportReporter -->
<testsuite hostname="DESKTOP-MMOQ00R" name="cases.AddProjectsCase" tests="2" failures="0" timestamp="23 Dec 2019 17:31:39 GMT" time="0.154" errors="0">
  <testcase name="test" time="0.072" classname="cases.AddProjectsCase"/>
  <testcase name="test" time="0.082" classname="cases.AddProjectsCase"/>
</testsuite> <!-- cases.AddProjectsCase -->
