<?xml version="1.0" encoding="UTF-8"?>
<!-- Generated by org.testng.reporters.JUnitReportReporter -->
<testsuite hostname="DESKTOP-MMOQ00R" name="cases.LoginCase" tests="5" failures="0" timestamp="23 Dec 2019 17:31:39 GMT" time="0.733" errors="0">
  <testcase name="test" time="0.193" classname="cases.LoginCase"/>
  <testcase name="test" time="0.209" classname="cases.LoginCase"/>
  <testcase name="test" time="0.069" classname="cases.LoginCase"/>
  <testcase name="test" time="0.069" classname="cases.LoginCase"/>
  <testcase name="test" time="0.193" classname="cases.LoginCase"/>
</testsuite> <!-- cases.LoginCase -->
