<?xml version="1.0" encoding="UTF-8"?>
<!-- Generated by org.testng.reporters.JUnitReportReporter -->
<testsuite hostname="DESKTOP-MMOQ00R" name="cases.ProjectsListCase" tests="1" failures="0" timestamp="23 Dec 2019 17:31:39 GMT" time="0.241" errors="0">
  <testcase name="test" time="0.241" classname="cases.ProjectsListCase"/>
</testsuite> <!-- cases.ProjectsListCase -->
