<?xml version="1.0" encoding="UTF-8"?>
<!-- Generated by org.testng.reporters.JUnitReportReporter -->
<testsuite hostname="DESKTOP-MMOQ00R" name="cases.ProjectsListCase" tests="1" failures="0" timestamp="24 Dec 2019 14:07:38 GMT" time="0.245" errors="0">
  <testcase name="test" time="0.245" classname="cases.ProjectsListCase"/>
</testsuite> <!-- cases.ProjectsListCase -->
