<?xml version="1.0" encoding="UTF-8"?>
<!-- Generated by org.testng.reporters.JUnitReportReporter -->
<testsuite hostname="DESKTOP-MMOQ00R" name="cases.AddProjectsCase" tests="2" failures="0" timestamp="24 Dec 2019 14:07:38 GMT" time="0.156" errors="0">
  <testcase name="test" time="0.082" classname="cases.AddProjectsCase"/>
  <testcase name="test" time="0.074" classname="cases.AddProjectsCase"/>
</testsuite> <!-- cases.AddProjectsCase -->
