<?xml version="1.0" encoding="UTF-8"?>
<!-- Generated by org.testng.reporters.JUnitReportReporter -->
<testsuite hostname="DESKTOP-MMOQ00R" name="cases.LoginCase" tests="5" failures="0" timestamp="24 Dec 2019 14:07:38 GMT" time="0.729" errors="0">
  <testcase name="test" time="0.070" classname="cases.LoginCase"/>
  <testcase name="test" time="0.192" classname="cases.LoginCase"/>
  <testcase name="test" time="0.074" classname="cases.LoginCase"/>
  <testcase name="test" time="0.196" classname="cases.LoginCase"/>
  <testcase name="test" time="0.197" classname="cases.LoginCase"/>
</testsuite> <!-- cases.LoginCase -->
